[2024-11-14 18:55:48,639: INFO: main:Welcome to our custom logging data science]
[2024-11-15 09:19:39,269: INFO: common:yaml file: config\config.yaml loaded successfully]
[2024-11-15 09:19:39,285: INFO: common:yaml file: params.yaml loaded successfully]
[2024-11-15 09:19:39,291: INFO: common:yaml file: schema.yaml loaded successfully]
[2024-11-15 09:20:16,698: INFO: common:yaml file: config\config.yaml loaded successfully]
[2024-11-15 09:20:16,704: INFO: common:yaml file: params.yaml loaded successfully]
[2024-11-15 09:20:16,710: INFO: common:yaml file: schema.yaml loaded successfully]
[2024-11-15 09:23:37,957: INFO: common:yaml file: config\config.yaml loaded successfully]
[2024-11-15 09:23:37,961: INFO: common:yaml file: params.yaml loaded successfully]
[2024-11-15 09:23:37,966: INFO: common:yaml file: schema.yaml loaded successfully]
[2024-11-15 09:24:11,008: INFO: common:yaml file: config\config.yaml loaded successfully]
[2024-11-15 09:24:11,013: INFO: common:yaml file: params.yaml loaded successfully]
[2024-11-15 09:24:11,017: INFO: common:yaml file: schema.yaml loaded successfully]
[2024-11-15 09:24:12,457: INFO: common:yaml file: config\config.yaml loaded successfully]
[2024-11-15 09:24:12,462: INFO: common:yaml file: params.yaml loaded successfully]
[2024-11-15 09:24:12,466: INFO: common:yaml file: schema.yaml loaded successfully]
[2024-11-15 09:27:33,576: INFO: common:yaml file: config\config.yaml loaded successfully]
[2024-11-15 09:27:33,580: INFO: common:yaml file: params.yaml loaded successfully]
[2024-11-15 09:27:33,585: INFO: common:yaml file: schema.yaml loaded successfully]
[2024-11-15 09:41:09,736: INFO: common:yaml file: config\config.yaml loaded successfully]
[2024-11-15 09:41:09,740: INFO: common:yaml file: params.yaml loaded successfully]
[2024-11-15 09:41:09,744: INFO: common:yaml file: schema.yaml loaded successfully]
[2024-11-15 09:41:09,746: INFO: common:created directory at: artifacts]
[2024-11-15 09:41:09,749: INFO: common:created directory at: artifacts/data_ingestion]
[2024-11-15 09:41:10,991: INFO: 251335794:artifacts/data_ingestion/data.zip download! with following info: 
Connection: close
Content-Length: 23329
Cache-Control: max-age=300
Content-Security-Policy: default-src 'none'; style-src 'unsafe-inline'; sandbox
Content-Type: application/zip
ETag: "c69888a4ae59bc5a893392785a938ccd4937981c06ba8a9d6a21aa52b4ab5b6e"
Strict-Transport-Security: max-age=31536000
X-Content-Type-Options: nosniff
X-Frame-Options: deny
X-XSS-Protection: 1; mode=block
X-GitHub-Request-Id: EB22:34183D:1D859E:23A997:6736B36D
Accept-Ranges: bytes
Date: Fri, 15 Nov 2024 03:41:10 GMT
Via: 1.1 varnish
X-Served-By: cache-qpg1268-QPG
X-Cache: HIT
X-Cache-Hits: 0
X-Timer: S1731642070.975029,VS0,VE278
Vary: Authorization,Accept-Encoding,Origin
Access-Control-Allow-Origin: *
Cross-Origin-Resource-Policy: cross-origin
X-Fastly-Request-ID: 3ad56e4ca7b388a5ea4fa7c5626335c945b91168
Expires: Fri, 15 Nov 2024 03:46:10 GMT
Source-Age: 0

]
[2024-11-15 09:58:31,004: INFO: main:>>>>>> stage Data Ingestion stage started <<<<<<]
[2024-11-15 09:58:31,007: INFO: common:yaml file: config\config.yaml loaded successfully]
[2024-11-15 09:58:31,008: INFO: common:yaml file: params.yaml loaded successfully]
[2024-11-15 09:58:31,009: INFO: common:yaml file: schema.yaml loaded successfully]
[2024-11-15 09:58:31,010: INFO: common:created directory at: artifacts]
[2024-11-15 09:58:31,011: INFO: common:created directory at: artifacts/data_ingestion]
[2024-11-15 09:58:32,047: INFO: data_ingestion:artifacts/data_ingestion/data.zip download! with following info: 
Connection: close
Content-Length: 23329
Cache-Control: max-age=300
Content-Security-Policy: default-src 'none'; style-src 'unsafe-inline'; sandbox
Content-Type: application/zip
ETag: "c69888a4ae59bc5a893392785a938ccd4937981c06ba8a9d6a21aa52b4ab5b6e"
Strict-Transport-Security: max-age=31536000
X-Content-Type-Options: nosniff
X-Frame-Options: deny
X-XSS-Protection: 1; mode=block
X-GitHub-Request-Id: EB22:34183D:1D859E:23A997:6736B36D
Accept-Ranges: bytes
Date: Fri, 15 Nov 2024 03:58:31 GMT
Via: 1.1 varnish
X-Served-By: cache-qpg1251-QPG
X-Cache: HIT
X-Cache-Hits: 0
X-Timer: S1731643111.074448,VS0,VE273
Vary: Authorization,Accept-Encoding,Origin
Access-Control-Allow-Origin: *
Cross-Origin-Resource-Policy: cross-origin
X-Fastly-Request-ID: 53eb4c0323026b80f2abbc6bbfb9518aa61e8495
Expires: Fri, 15 Nov 2024 04:03:31 GMT
Source-Age: 0

]
[2024-11-15 09:58:32,069: INFO: main:>>>>>> stage Data Ingestion stage completed <<<<<<

x==========x]
[2024-11-15 10:57:57,103: INFO: common:yaml file: config\config.yaml loaded successfully]
[2024-11-15 10:57:57,109: INFO: common:yaml file: params.yaml loaded successfully]
[2024-11-15 10:57:57,138: INFO: common:yaml file: schema.yaml loaded successfully]
[2024-11-15 10:57:57,183: INFO: common:created directory at: artifacts]
[2024-11-15 10:57:57,186: INFO: common:created directory at: artifacts/data_validation]
[2024-11-15 11:10:45,940: INFO: main:>>>>>> stage Data Ingestion stage started <<<<<<]
[2024-11-15 11:10:45,944: INFO: common:yaml file: config\config.yaml loaded successfully]
[2024-11-15 11:10:45,946: INFO: common:yaml file: params.yaml loaded successfully]
[2024-11-15 11:10:45,953: INFO: common:yaml file: schema.yaml loaded successfully]
[2024-11-15 11:10:45,956: INFO: common:created directory at: artifacts]
[2024-11-15 11:10:45,958: INFO: common:created directory at: artifacts/data_ingestion]
[2024-11-15 11:10:47,012: INFO: data_ingestion:artifacts/data_ingestion/data.zip download! with following info: 
Connection: close
Content-Length: 23329
Cache-Control: max-age=300
Content-Security-Policy: default-src 'none'; style-src 'unsafe-inline'; sandbox
Content-Type: application/zip
ETag: "c69888a4ae59bc5a893392785a938ccd4937981c06ba8a9d6a21aa52b4ab5b6e"
Strict-Transport-Security: max-age=31536000
X-Content-Type-Options: nosniff
X-Frame-Options: deny
X-XSS-Protection: 1; mode=block
X-GitHub-Request-Id: 39F6:E023A:1700F6:1D9F42:6736D7D5
Accept-Ranges: bytes
Date: Fri, 15 Nov 2024 05:10:46 GMT
Via: 1.1 varnish
X-Served-By: cache-ccu830021-CCU
X-Cache: MISS
X-Cache-Hits: 0
X-Timer: S1731647446.016278,VS0,VE286
Vary: Authorization,Accept-Encoding,Origin
Access-Control-Allow-Origin: *
Cross-Origin-Resource-Policy: cross-origin
X-Fastly-Request-ID: b969cd9f85dae3b21e6e3653f1ea4fc057999ad0
Expires: Fri, 15 Nov 2024 05:15:46 GMT
Source-Age: 0

]
[2024-11-15 11:10:47,077: INFO: main:>>>>>> stage Data Ingestion stage completed <<<<<<

x==========x]
[2024-11-15 11:10:47,080: INFO: main:>>>>>> stage Data Validation stage started <<<<<<]
[2024-11-15 11:10:47,088: INFO: common:yaml file: config\config.yaml loaded successfully]
[2024-11-15 11:10:47,093: INFO: common:yaml file: params.yaml loaded successfully]
[2024-11-15 11:10:47,099: INFO: common:yaml file: schema.yaml loaded successfully]
[2024-11-15 11:10:47,101: INFO: common:created directory at: artifacts]
[2024-11-15 11:10:47,109: INFO: common:created directory at: artifacts/data_validation]
[2024-11-15 11:10:47,181: INFO: main:>>>>>> stage Data Validation stage completed <<<<<<

x==========x]
[2024-11-23 11:25:23,729: INFO: common:yaml file: config\config.yaml loaded successfully]
[2024-11-23 11:25:23,753: INFO: common:yaml file: params.yaml loaded successfully]
[2024-11-23 11:25:23,779: INFO: common:yaml file: schema.yaml loaded successfully]
[2024-11-23 11:25:23,783: INFO: common:created directory at: artifacts]
[2024-11-23 11:25:23,787: INFO: common:created directory at: artifacts/data_transformation]
[2024-11-23 11:25:23,987: INFO: 1022546149:Splited data into training and test sets]
[2024-11-23 11:25:23,991: INFO: 1022546149:(1199, 12)]
[2024-11-23 11:25:23,994: INFO: 1022546149:(400, 12)]
[2024-11-23 11:44:23,190: INFO: main:>>>>>> stage Data Ingestion stage started <<<<<<]
[2024-11-23 11:44:23,204: INFO: common:yaml file: config\config.yaml loaded successfully]
[2024-11-23 11:44:23,207: INFO: common:yaml file: params.yaml loaded successfully]
[2024-11-23 11:44:23,219: INFO: common:yaml file: schema.yaml loaded successfully]
[2024-11-23 11:44:23,221: INFO: common:created directory at: artifacts]
[2024-11-23 11:44:23,222: INFO: common:created directory at: artifacts/data_ingestion]
[2024-11-23 11:44:23,238: INFO: data_ingestion:File already exists]
[2024-11-23 11:44:23,287: INFO: main:>>>>>> stage Data Ingestion stage completed <<<<<<

x==========x]
[2024-11-23 11:44:23,291: INFO: main:>>>>>> stage Data Validation stage started <<<<<<]
[2024-11-23 11:44:23,305: INFO: common:yaml file: config\config.yaml loaded successfully]
[2024-11-23 11:44:23,313: INFO: common:yaml file: params.yaml loaded successfully]
[2024-11-23 11:44:23,321: INFO: common:yaml file: schema.yaml loaded successfully]
[2024-11-23 11:44:23,323: INFO: common:created directory at: artifacts]
[2024-11-23 11:44:23,339: INFO: common:created directory at: artifacts/data_validation]
[2024-11-23 11:44:23,411: INFO: main:>>>>>> stage Data Validation stage completed <<<<<<

x==========x]
[2024-11-23 11:44:23,413: INFO: main:>>>>>> stage Data Transformation stage started <<<<<<]
[2024-11-23 11:44:23,434: INFO: common:yaml file: config\config.yaml loaded successfully]
[2024-11-23 11:44:23,436: INFO: common:yaml file: params.yaml loaded successfully]
[2024-11-23 11:44:23,448: INFO: common:yaml file: schema.yaml loaded successfully]
[2024-11-23 11:44:23,453: INFO: common:created directory at: artifacts]
[2024-11-23 11:44:23,455: INFO: common:created directory at: artifacts/data_transformation]
[2024-11-23 11:44:23,543: INFO: data_transformation:Splited data into training and test sets]
[2024-11-23 11:44:23,544: INFO: data_transformation:(1199, 12)]
[2024-11-23 11:44:23,546: INFO: data_transformation:(400, 12)]
[2024-11-23 11:44:23,549: INFO: main:>>>>>> stage Data Transformation stage completed <<<<<<

x==========x]
[2024-11-23 12:50:16,173: INFO: common:yaml file: config\config.yaml loaded successfully]
[2024-11-23 12:50:16,190: INFO: common:yaml file: params.yaml loaded successfully]
[2024-11-23 12:50:16,201: INFO: common:yaml file: schema.yaml loaded successfully]
[2024-11-23 12:50:16,206: INFO: common:created directory at: artifacts]
[2024-11-23 12:50:16,209: INFO: common:created directory at: artifacts]
[2024-11-23 12:54:27,804: INFO: common:yaml file: config\config.yaml loaded successfully]
[2024-11-23 12:54:27,809: INFO: common:yaml file: params.yaml loaded successfully]
[2024-11-23 12:54:27,819: INFO: common:yaml file: schema.yaml loaded successfully]
[2024-11-23 12:54:27,823: INFO: common:created directory at: artifacts]
[2024-11-23 12:55:05,005: INFO: common:yaml file: config\config.yaml loaded successfully]
[2024-11-23 12:55:05,011: INFO: common:yaml file: params.yaml loaded successfully]
[2024-11-23 12:55:05,020: INFO: common:yaml file: schema.yaml loaded successfully]
[2024-11-23 12:55:05,027: INFO: common:created directory at: artifacts]
[2024-11-23 12:56:36,679: INFO: common:yaml file: config\config.yaml loaded successfully]
[2024-11-23 12:56:36,685: INFO: common:yaml file: params.yaml loaded successfully]
[2024-11-23 12:56:36,695: INFO: common:yaml file: schema.yaml loaded successfully]
[2024-11-23 12:56:36,700: INFO: common:created directory at: artifacts]
[2024-11-23 12:58:22,117: INFO: common:yaml file: config\config.yaml loaded successfully]
[2024-11-23 12:58:22,123: INFO: common:yaml file: params.yaml loaded successfully]
[2024-11-23 12:58:22,133: INFO: common:yaml file: schema.yaml loaded successfully]
[2024-11-23 12:58:22,136: INFO: common:created directory at: artifacts]
[2024-11-23 12:58:22,140: INFO: common:created directory at: artifacts/model_trainer]
[2024-11-23 12:59:50,532: INFO: common:yaml file: config\config.yaml loaded successfully]
[2024-11-23 12:59:50,537: INFO: common:yaml file: params.yaml loaded successfully]
[2024-11-23 12:59:50,547: INFO: common:yaml file: schema.yaml loaded successfully]
[2024-11-23 12:59:50,552: INFO: common:created directory at: artifacts]
[2024-11-23 12:59:50,556: INFO: common:created directory at: artifacts/model_trainer]
[2024-11-23 14:04:56,056: INFO: main:>>>>>> stage Data Ingestion stage started <<<<<<]
[2024-11-23 14:04:56,066: INFO: common:yaml file: config\config.yaml loaded successfully]
[2024-11-23 14:04:56,070: INFO: common:yaml file: params.yaml loaded successfully]
[2024-11-23 14:04:56,080: INFO: common:yaml file: schema.yaml loaded successfully]
[2024-11-23 14:04:56,086: INFO: common:created directory at: artifacts]
[2024-11-23 14:04:56,098: INFO: common:created directory at: artifacts/data_ingestion]
[2024-11-23 14:04:56,100: INFO: data_ingestion:File already exists]
[2024-11-23 14:04:56,107: INFO: main:>>>>>> stage Data Ingestion stage completed <<<<<<

x==========x]
[2024-11-23 14:04:56,115: INFO: main:>>>>>> stage Data Validation stage started <<<<<<]
[2024-11-23 14:04:56,129: INFO: common:yaml file: config\config.yaml loaded successfully]
[2024-11-23 14:04:56,137: INFO: common:yaml file: params.yaml loaded successfully]
[2024-11-23 14:04:56,144: INFO: common:yaml file: schema.yaml loaded successfully]
[2024-11-23 14:04:56,150: INFO: common:created directory at: artifacts]
[2024-11-23 14:04:56,155: INFO: common:created directory at: artifacts/data_validation]
[2024-11-23 14:04:56,205: INFO: main:>>>>>> stage Data Validation stage completed <<<<<<

x==========x]
[2024-11-23 14:04:56,207: INFO: main:>>>>>> stage Data Transformation stage started <<<<<<]
[2024-11-23 14:04:56,230: INFO: common:yaml file: config\config.yaml loaded successfully]
[2024-11-23 14:04:56,234: INFO: common:yaml file: params.yaml loaded successfully]
[2024-11-23 14:04:56,241: INFO: common:yaml file: schema.yaml loaded successfully]
[2024-11-23 14:04:56,243: INFO: common:created directory at: artifacts]
[2024-11-23 14:04:56,245: INFO: common:created directory at: artifacts/data_transformation]
[2024-11-23 14:04:56,303: INFO: data_transformation:Splited data into training and test sets]
[2024-11-23 14:04:56,304: INFO: data_transformation:(1199, 12)]
[2024-11-23 14:04:56,305: INFO: data_transformation:(400, 12)]
[2024-11-23 14:04:56,307: INFO: main:>>>>>> stage Data Transformation stage completed <<<<<<

x==========x]
[2024-11-23 14:04:56,308: INFO: main:>>>>>> stage Model Trainer stage started <<<<<<]
[2024-11-23 14:04:56,321: INFO: common:yaml file: config\config.yaml loaded successfully]
[2024-11-23 14:04:56,327: INFO: common:yaml file: params.yaml loaded successfully]
[2024-11-23 14:04:56,335: INFO: common:yaml file: schema.yaml loaded successfully]
[2024-11-23 14:04:56,339: INFO: common:created directory at: artifacts]
[2024-11-23 14:04:56,342: ERROR: main:'function' object has no attribute 'train_data_path']
Traceback (most recent call last):
  File "C:\Users\sfg\mlops_practice\datascienceproject\main.py", line 42, in <module>
    model_trainer.initiate_model_training()
  File "C:\Users\sfg\mlops_practice\datascienceproject\src\datascience\pipeline\model_trainer_pipeline.py", line 15, in initiate_model_training
    model_trainer_config.train()
  File "C:\Users\sfg\mlops_practice\datascienceproject\src\datascience\components\model_trainer.py", line 13, in train
    train_data = pd.read_csv(self.config.train_data_path)
AttributeError: 'function' object has no attribute 'train_data_path'
[2024-11-23 14:08:12,019: INFO: main:>>>>>> stage Data Ingestion stage started <<<<<<]
[2024-11-23 14:08:12,031: INFO: common:yaml file: config\config.yaml loaded successfully]
[2024-11-23 14:08:12,058: INFO: common:yaml file: params.yaml loaded successfully]
[2024-11-23 14:08:12,074: INFO: common:yaml file: schema.yaml loaded successfully]
[2024-11-23 14:08:12,107: INFO: common:created directory at: artifacts]
[2024-11-23 14:08:12,111: INFO: common:created directory at: artifacts/data_ingestion]
[2024-11-23 14:08:12,129: INFO: data_ingestion:File already exists]
[2024-11-23 14:08:12,169: INFO: main:>>>>>> stage Data Ingestion stage completed <<<<<<

x==========x]
[2024-11-23 14:08:12,183: INFO: main:>>>>>> stage Data Validation stage started <<<<<<]
[2024-11-23 14:08:12,207: INFO: common:yaml file: config\config.yaml loaded successfully]
[2024-11-23 14:08:12,217: INFO: common:yaml file: params.yaml loaded successfully]
[2024-11-23 14:08:12,226: INFO: common:yaml file: schema.yaml loaded successfully]
[2024-11-23 14:08:12,229: INFO: common:created directory at: artifacts]
[2024-11-23 14:08:12,234: INFO: common:created directory at: artifacts/data_validation]
[2024-11-23 14:08:12,288: INFO: main:>>>>>> stage Data Validation stage completed <<<<<<

x==========x]
[2024-11-23 14:08:12,290: INFO: main:>>>>>> stage Data Transformation stage started <<<<<<]
[2024-11-23 14:08:12,307: INFO: common:yaml file: config\config.yaml loaded successfully]
[2024-11-23 14:08:12,312: INFO: common:yaml file: params.yaml loaded successfully]
[2024-11-23 14:08:12,322: INFO: common:yaml file: schema.yaml loaded successfully]
[2024-11-23 14:08:12,325: INFO: common:created directory at: artifacts]
[2024-11-23 14:08:12,330: INFO: common:created directory at: artifacts/data_transformation]
[2024-11-23 14:08:12,396: INFO: data_transformation:Splited data into training and test sets]
[2024-11-23 14:08:12,402: INFO: data_transformation:(1199, 12)]
[2024-11-23 14:08:12,403: INFO: data_transformation:(400, 12)]
[2024-11-23 14:08:12,405: INFO: main:>>>>>> stage Data Transformation stage completed <<<<<<

x==========x]
[2024-11-23 14:08:12,406: INFO: main:>>>>>> stage Model Trainer stage started <<<<<<]
[2024-11-23 14:08:12,416: INFO: common:yaml file: config\config.yaml loaded successfully]
[2024-11-23 14:08:12,421: INFO: common:yaml file: params.yaml loaded successfully]
[2024-11-23 14:08:12,431: INFO: common:yaml file: schema.yaml loaded successfully]
[2024-11-23 14:08:12,435: INFO: common:created directory at: artifacts]
[2024-11-23 14:08:12,437: INFO: common:created directory at: artifacts/model_trainer]
[2024-11-23 14:08:12,521: INFO: main:>>>>>> stage Model Trainer stage completed <<<<<<

x==========x]
